<?xml version="1.0" encoding="UTF-8"?>
<!-- Generated by org.testng.reporters.JUnitXMLReporter -->
<testsuite ignored="0" hostname="LAPTOP-21TTL97P" failures="1" tests="1" name="Default test(failed)" time="2.335" errors="0" timestamp="25 Jul 2023 14:17:20 GMT">
  <testcase classname="API.Phase3Project" name="Test1" time="2.317">
    <failure type="java.lang.AssertionError" message="expected [201] but found [400]">
      <![CDATA[java.lang.AssertionError: expected [201] but found [400]
at API.Phase3Project.Test1(Phase3Project.java:29)
... Removed 31 stack frames]]>
    </failure>
  </testcase> <!-- Test1 -->
</testsuite> <!-- Default test(failed) -->
